2019-04-25 12:17:14 LogFactory.java DEBUG Logging initialized using 'class org.apache.ibatis.logging.slf4j.Slf4jImpl' adapter.
2019-04-25 12:17:15 LogFactory.java DEBUG Logging initialized using 'class org.apache.ibatis.logging.log4j.Log4jImpl' adapter.
2019-04-25 12:17:15 PooledDataSource.java DEBUG PooledDataSource forcefully closed/removed all connections.
2019-04-25 12:17:15 PooledDataSource.java DEBUG PooledDataSource forcefully closed/removed all connections.
2019-04-25 12:17:15 PooledDataSource.java DEBUG PooledDataSource forcefully closed/removed all connections.
2019-04-25 12:17:15 PooledDataSource.java DEBUG PooledDataSource forcefully closed/removed all connections.
2019-04-25 12:17:15 JdbcTransaction.java DEBUG Opening JDBC Connection
2019-04-25 12:17:15 PooledDataSource.java DEBUG Created connection 1616974404.
2019-04-25 12:17:15 JdbcTransaction.java DEBUG Setting autocommit to false on JDBC Connection [com.mysql.cj.jdbc.ConnectionImpl@60611244]
2019-04-25 12:17:15 BaseJdbcLogger.java DEBUG ==>  Preparing: select * from users where id=? 
2019-04-25 12:17:15 BaseJdbcLogger.java DEBUG ==> Parameters: 1(Integer)
2019-04-25 12:17:15 BaseJdbcLogger.java DEBUG <==      Total: 1
2019-04-25 12:23:34 LogFactory.java DEBUG Logging initialized using 'class org.apache.ibatis.logging.slf4j.Slf4jImpl' adapter.
2019-04-25 12:23:55 LogFactory.java DEBUG Logging initialized using 'class org.apache.ibatis.logging.slf4j.Slf4jImpl' adapter.
2019-04-25 12:23:55 LogFactory.java DEBUG Logging initialized using 'class org.apache.ibatis.logging.log4j.Log4jImpl' adapter.
2019-04-25 12:23:55 PooledDataSource.java DEBUG PooledDataSource forcefully closed/removed all connections.
2019-04-25 12:23:55 PooledDataSource.java DEBUG PooledDataSource forcefully closed/removed all connections.
2019-04-25 12:23:55 PooledDataSource.java DEBUG PooledDataSource forcefully closed/removed all connections.
2019-04-25 12:23:55 PooledDataSource.java DEBUG PooledDataSource forcefully closed/removed all connections.
2019-04-25 12:23:55 JdbcTransaction.java DEBUG Opening JDBC Connection
2019-04-25 12:23:56 PooledDataSource.java DEBUG Created connection 1616974404.
2019-04-25 12:23:56 JdbcTransaction.java DEBUG Setting autocommit to false on JDBC Connection [com.mysql.cj.jdbc.ConnectionImpl@60611244]
2019-04-25 12:23:56 BaseJdbcLogger.java DEBUG ==>  Preparing: select * from users where id=? 
2019-04-25 12:23:56 BaseJdbcLogger.java DEBUG ==> Parameters: 1(Integer)
2019-04-25 12:23:56 BaseJdbcLogger.java DEBUG <==      Total: 1
2019-04-25 12:24:34 LogFactory.java DEBUG Logging initialized using 'class org.apache.ibatis.logging.slf4j.Slf4jImpl' adapter.
2019-04-25 12:24:34 LogFactory.java DEBUG Logging initialized using 'class org.apache.ibatis.logging.log4j.Log4jImpl' adapter.
2019-04-25 12:24:35 PooledDataSource.java DEBUG PooledDataSource forcefully closed/removed all connections.
2019-04-25 12:24:35 PooledDataSource.java DEBUG PooledDataSource forcefully closed/removed all connections.
2019-04-25 12:24:35 PooledDataSource.java DEBUG PooledDataSource forcefully closed/removed all connections.
2019-04-25 12:24:35 PooledDataSource.java DEBUG PooledDataSource forcefully closed/removed all connections.
2019-04-25 12:24:35 JdbcTransaction.java DEBUG Opening JDBC Connection
2019-04-25 12:24:35 PooledDataSource.java DEBUG Created connection 1616974404.
2019-04-25 12:24:35 JdbcTransaction.java DEBUG Setting autocommit to false on JDBC Connection [com.mysql.cj.jdbc.ConnectionImpl@60611244]
2019-04-25 12:24:35 BaseJdbcLogger.java DEBUG ==>  Preparing: select * from users where id=? 
2019-04-25 12:24:35 BaseJdbcLogger.java DEBUG ==> Parameters: 1(Integer)
2019-04-25 12:24:36 BaseJdbcLogger.java DEBUG <==      Total: 1
2019-04-25 14:08:03 LogFactory.java DEBUG Logging initialized using 'class org.apache.ibatis.logging.slf4j.Slf4jImpl' adapter.
2019-04-25 14:08:03 LogFactory.java DEBUG Logging initialized using 'class org.apache.ibatis.logging.log4j.Log4jImpl' adapter.
2019-04-25 14:08:03 PooledDataSource.java DEBUG PooledDataSource forcefully closed/removed all connections.
2019-04-25 14:08:03 PooledDataSource.java DEBUG PooledDataSource forcefully closed/removed all connections.
2019-04-25 14:08:03 PooledDataSource.java DEBUG PooledDataSource forcefully closed/removed all connections.
2019-04-25 14:08:03 PooledDataSource.java DEBUG PooledDataSource forcefully closed/removed all connections.
2019-04-25 14:08:03 JdbcTransaction.java DEBUG Opening JDBC Connection
2019-04-25 14:08:04 PooledDataSource.java DEBUG Created connection 1616974404.
2019-04-25 14:08:04 JdbcTransaction.java DEBUG Setting autocommit to false on JDBC Connection [com.mysql.cj.jdbc.ConnectionImpl@60611244]
2019-04-25 14:08:04 BaseJdbcLogger.java DEBUG ==>  Preparing: select * from users where id=? 
2019-04-25 14:08:04 BaseJdbcLogger.java DEBUG ==> Parameters: 2(Integer)
2019-04-25 14:08:04 BaseJdbcLogger.java DEBUG <==      Total: 1
2019-04-25 14:09:52 LogFactory.java DEBUG Logging initialized using 'class org.apache.ibatis.logging.slf4j.Slf4jImpl' adapter.
2019-04-25 14:09:52 LogFactory.java DEBUG Logging initialized using 'class org.apache.ibatis.logging.log4j.Log4jImpl' adapter.
2019-04-25 14:09:52 PooledDataSource.java DEBUG PooledDataSource forcefully closed/removed all connections.
2019-04-25 14:09:52 PooledDataSource.java DEBUG PooledDataSource forcefully closed/removed all connections.
2019-04-25 14:09:52 PooledDataSource.java DEBUG PooledDataSource forcefully closed/removed all connections.
2019-04-25 14:09:52 PooledDataSource.java DEBUG PooledDataSource forcefully closed/removed all connections.
2019-04-25 14:09:52 JdbcTransaction.java DEBUG Opening JDBC Connection
2019-04-25 14:09:53 PooledDataSource.java DEBUG Created connection 1616974404.
2019-04-25 14:09:53 JdbcTransaction.java DEBUG Setting autocommit to false on JDBC Connection [com.mysql.cj.jdbc.ConnectionImpl@60611244]
2019-04-25 14:09:53 BaseJdbcLogger.java DEBUG ==>  Preparing: select * from users 
2019-04-25 14:09:53 BaseJdbcLogger.java DEBUG ==> Parameters: 
2019-04-25 14:09:53 BaseJdbcLogger.java DEBUG <==      Total: 2
2019-04-28 15:27:34 LogFactory.java DEBUG Logging initialized using 'class org.apache.ibatis.logging.slf4j.Slf4jImpl' adapter.
2019-04-28 15:27:35 LogFactory.java DEBUG Logging initialized using 'class org.apache.ibatis.logging.log4j.Log4jImpl' adapter.
2019-04-28 15:27:35 PooledDataSource.java DEBUG PooledDataSource forcefully closed/removed all connections.
2019-04-28 15:27:35 PooledDataSource.java DEBUG PooledDataSource forcefully closed/removed all connections.
2019-04-28 15:27:35 PooledDataSource.java DEBUG PooledDataSource forcefully closed/removed all connections.
2019-04-28 15:27:35 PooledDataSource.java DEBUG PooledDataSource forcefully closed/removed all connections.
2019-04-28 15:27:35 JdbcTransaction.java DEBUG Opening JDBC Connection
2019-04-28 15:27:39 PooledDataSource.java DEBUG Created connection 1054932644.
2019-04-28 15:27:39 JdbcTransaction.java DEBUG Setting autocommit to false on JDBC Connection [com.mysql.cj.jdbc.ConnectionImpl@3ee0fea4]
2019-04-28 15:27:39 BaseJdbcLogger.java DEBUG ==>  Preparing: select * from users 
2019-04-28 15:27:39 BaseJdbcLogger.java DEBUG ==> Parameters: 
2019-04-28 15:27:39 BaseJdbcLogger.java DEBUG <==      Total: 2
2019-04-28 15:29:21 LogFactory.java DEBUG Logging initialized using 'class org.apache.ibatis.logging.slf4j.Slf4jImpl' adapter.
2019-04-28 15:29:22 LogFactory.java DEBUG Logging initialized using 'class org.apache.ibatis.logging.log4j.Log4jImpl' adapter.
2019-04-28 15:29:22 PooledDataSource.java DEBUG PooledDataSource forcefully closed/removed all connections.
2019-04-28 15:29:22 PooledDataSource.java DEBUG PooledDataSource forcefully closed/removed all connections.
2019-04-28 15:29:22 PooledDataSource.java DEBUG PooledDataSource forcefully closed/removed all connections.
2019-04-28 15:29:22 PooledDataSource.java DEBUG PooledDataSource forcefully closed/removed all connections.
2019-04-28 15:29:22 JdbcTransaction.java DEBUG Opening JDBC Connection
2019-04-28 15:29:22 PooledDataSource.java DEBUG Created connection 384294141.
2019-04-28 15:29:22 JdbcTransaction.java DEBUG Setting autocommit to false on JDBC Connection [com.mysql.cj.jdbc.ConnectionImpl@16e7dcfd]
2019-04-28 15:29:22 BaseJdbcLogger.java DEBUG ==>  Preparing: select * from users 
2019-04-28 15:29:22 BaseJdbcLogger.java DEBUG ==> Parameters: 
2019-04-28 15:29:22 BaseJdbcLogger.java DEBUG <==      Total: 2
2019-04-28 15:40:07 LogFactory.java DEBUG Logging initialized using 'class org.apache.ibatis.logging.slf4j.Slf4jImpl' adapter.
2019-04-28 15:40:07 LogFactory.java DEBUG Logging initialized using 'class org.apache.ibatis.logging.log4j.Log4jImpl' adapter.
2019-04-28 15:40:07 PooledDataSource.java DEBUG PooledDataSource forcefully closed/removed all connections.
2019-04-28 15:40:07 PooledDataSource.java DEBUG PooledDataSource forcefully closed/removed all connections.
2019-04-28 15:40:07 PooledDataSource.java DEBUG PooledDataSource forcefully closed/removed all connections.
2019-04-28 15:40:07 PooledDataSource.java DEBUG PooledDataSource forcefully closed/removed all connections.
2019-04-28 15:40:08 JdbcTransaction.java DEBUG Opening JDBC Connection
2019-04-28 15:40:08 PooledDataSource.java DEBUG Created connection 384294141.
2019-04-28 15:40:08 JdbcTransaction.java DEBUG Setting autocommit to false on JDBC Connection [com.mysql.cj.jdbc.ConnectionImpl@16e7dcfd]
2019-04-28 15:40:08 BaseJdbcLogger.java DEBUG ==>  Preparing: select * from users 
2019-04-28 15:40:08 BaseJdbcLogger.java DEBUG ==> Parameters: 
2019-04-28 15:40:09 BaseJdbcLogger.java DEBUG <==      Total: 2
